
=== Thu Oct 17 22:23:44 2019

Packages were changed.
Update Mode: mergeDefaultDependencies

The following packages were added:
  com.unity.xr.management@3.0.3
The following packages were updated:
  com.unity.ide.vscode from version 1.0.7 to 1.1.2
  com.unity.test-framework from version 1.0.17 to 1.1.2
  com.unity.timeline from version 1.1.0 to 1.2.2

=== Tue Dec 17 20:17:35 2019

Packages were changed.
Update Mode: updateDependencies

The following packages were updated:
  com.unity.ide.vscode from version 1.1.2 to 1.1.3
  com.unity.render-pipelines.universal from version 7.1.2 to 7.1.5
  com.unity.test-framework from version 1.1.2 to 1.1.3
  com.unity.timeline from version 1.2.4 to 1.2.6

=== Tue Jan 28 13:00:33 2020

Packages were changed.
Update Mode: updateDependencies

The following packages were updated:
  com.unity.analytics from version 3.3.2 to 3.3.5
  com.unity.ide.rider from version 1.1.0 to 1.1.4
  com.unity.ide.vscode from version 1.1.3 to 1.1.4
  com.unity.render-pipelines.universal from version 7.1.5 to 7.1.8
  com.unity.test-framework from version 1.1.3 to 1.1.9
  com.unity.timeline from version 1.2.6 to 1.2.10
  com.unity.xr.management from version 3.0.3 to 3.0.5

=== Wed Feb 26 11:46:48 2020

Packages were changed.
Update Mode: updateDependencies

The following packages were updated:
  com.unity.test-framework from version 1.1.9 to 1.1.11
  com.unity.timeline from version 1.2.10 to 1.2.12
  com.unity.xr.management from version 3.0.5 to 3.0.6

=== Thu May  7 00:14:59 2020

Packages were changed.
Update Mode: updateDependencies

The following packages were updated:
  com.unity.render-pipelines.universal from version 7.1.8 to 7.3.1
  com.unity.test-framework from version 1.1.11 to 1.1.13
